2025-08-22 16:15:42,098 - __main__ - INFO - Validating application environment...
2025-08-22 16:15:42,100 - __main__ - ERROR - Configuration error: Database file not found: /Users/christianbraun/.local/share/deCONZ/zll.db
2025-08-22 16:15:42,100 - __main__ - WARNING - Database file not found - application will work with limited functionality
2025-08-22 16:15:42,100 - __main__ - INFO - Environment validation completed
2025-08-22 16:15:42,100 - __main__ - INFO - Searching for free port in range 8500-8600
2025-08-22 16:15:42,101 - __main__ - INFO - Found free port: 8500
2025-08-22 16:15:42,101 - __main__ - INFO - 🚀 Starting optimized deCONZ Device Viewer on 0.0.0.0:8500
2025-08-22 16:15:42,101 - __main__ - INFO - Debug mode: False
2025-08-22 16:15:42,101 - __main__ - INFO - Database: /Users/christianbraun/.local/share/deCONZ/zll.db
2025-08-22 16:16:12,150 - werkzeug - INFO - [31m[1mWARNING: This is a development server. Do not use it in a production deployment. Use a production WSGI server instead.[0m
 * Running on all addresses (0.0.0.0)
 * Running on http://127.0.0.1:8500
 * Running on http://192.168.178.12:8500
2025-08-22 16:16:12,151 - werkzeug - INFO - [33mPress CTRL+C to quit[0m
2025-08-22 16:16:12,258 - __main__ - INFO - Index page requested
2025-08-22 16:16:12,266 - __main__ - ERROR - Database connection failed: unable to open database file
2025-08-22 16:16:12,266 - __main__ - ERROR - Query execution failed: unable to open database file
2025-08-22 16:16:12,266 - __main__ - ERROR - Query: 
    SELECT 
        d.id,
        d.name,
        d.type,
        d.manufacturername as manufacturer,
        d.modelid as model,
        d.swversion as software_version,
        d.lastseen,
        s.name as state_name,
        s.value as state_value
    FROM devices d
    LEFT JOIN device_states s ON d.id = s.device_id
    WHERE d.id IS NOT NULL
    ORDER BY d.lastseen DESC, d.id ASC
    LIMIT ?
    
2025-08-22 16:16:12,267 - __main__ - ERROR - Params: (50,)
2025-08-22 16:16:12,267 - __main__ - WARNING - Advanced query failed, falling back to simple query
2025-08-22 16:16:12,267 - __main__ - ERROR - Database connection failed: unable to open database file
2025-08-22 16:16:12,267 - __main__ - ERROR - Query execution failed: unable to open database file
2025-08-22 16:16:12,267 - __main__ - ERROR - Query: 
        SELECT id, name, type, manufacturername as manufacturer, 
               modelid as model, lastseen
        FROM devices 
        WHERE id IS NOT NULL
        ORDER BY lastseen DESC, id ASC
        LIMIT ?
        
2025-08-22 16:16:12,267 - __main__ - ERROR - Params: (50,)
2025-08-22 16:16:12,267 - __main__ - ERROR - Function get_devices_from_db failed: unable to open database file
2025-08-22 16:16:12,268 - __main__ - ERROR - Failed to load devices: unable to open database file
2025-08-22 16:16:12,291 - werkzeug - INFO - 127.0.0.1 - - [22/Aug/2025 16:16:12] "GET / HTTP/1.1" 200 -
2025-08-22 16:16:12,390 - werkzeug - INFO - 127.0.0.1 - - [22/Aug/2025 16:16:12] "GET /static/css/style.css HTTP/1.1" 200 -
2025-08-22 16:16:12,391 - werkzeug - INFO - 127.0.0.1 - - [22/Aug/2025 16:16:12] "GET /static/js/app.js HTTP/1.1" 200 -
2025-08-22 16:16:12,436 - werkzeug - INFO - 127.0.0.1 - - [22/Aug/2025 16:16:12] "[33mGET /apple-touch-icon-precomposed.png HTTP/1.1[0m" 404 -
2025-08-22 16:16:12,712 - werkzeug - INFO - 127.0.0.1 - - [22/Aug/2025 16:16:12] "[33mGET /apple-touch-icon.png HTTP/1.1[0m" 404 -
2025-08-22 16:16:41,760 - __main__ - INFO - Cleaning up application resources...
2025-08-22 16:16:41,762 - __main__ - INFO - Cleanup completed
